  pch.cpp
C:\Users\김근남\Desktop\GameProgramming\Gene AI\GomokuDLL\pch.cpp(152,28): warning C4244: '인수': 'int'에서 'float'(으)로 변환하면서 데이터가 손실될 수 있습니다.
C:\Users\김근남\Desktop\GameProgramming\Gene AI\GomokuDLL\pch.cpp(152,25): warning C4244: '인수': 'int'에서 'float'(으)로 변환하면서 데이터가 손실될 수 있습니다.
C:\Users\김근남\Desktop\GameProgramming\Gene AI\GomokuDLL\pch.cpp(162,60): warning C4244: '인수': 'float'에서 'int'(으)로 변환하면서 데이터가 손실될 수 있습니다.
C:\Users\김근남\Desktop\GameProgramming\Gene AI\GomokuDLL\pch.cpp(162,46): warning C4244: '인수': 'float'에서 'int'(으)로 변환하면서 데이터가 손실될 수 있습니다.
  cGA.cpp
C:\Users\김근남\Desktop\GameProgramming\Gene AI\GomokuDLL\cGA.cpp(18,12): warning C4244: '인수': 'time_t'에서 'unsigned int'(으)로 변환하면서 데이터가 손실될 수 있습니다.
C:\Users\김근남\Desktop\GameProgramming\Gene AI\GomokuDLL\cGA.cpp(33,31): warning C4267: '초기화 중': 'size_t'에서 'int'(으)로 변환하면서 데이터가 손실될 수 있습니다.
C:\Users\김근남\Desktop\GameProgramming\Gene AI\GomokuDLL\cGA.cpp(64,12): warning C4244: '초기화 중': 'double'에서 'int'(으)로 변환하면서 데이터가 손실될 수 있습니다.
C:\Users\김근남\Desktop\GameProgramming\Gene AI\GomokuDLL\cGA.cpp(90,11): warning C4244: '초기화 중': 'float'에서 'int'(으)로 변환하면서 데이터가 손실될 수 있습니다.
C:\Users\김근남\Desktop\GameProgramming\Gene AI\GomokuDLL\cGA.cpp(91,11): warning C4244: '초기화 중': 'float'에서 'int'(으)로 변환하면서 데이터가 손실될 수 있습니다.
C:\Users\김근남\Desktop\GameProgramming\Gene AI\GomokuDLL\cGA.cpp(255,27): warning C4244: '인수': 'int'에서 'float'(으)로 변환하면서 데이터가 손실될 수 있습니다.
C:\Users\김근남\Desktop\GameProgramming\Gene AI\GomokuDLL\cGA.cpp(255,24): warning C4244: '인수': 'int'에서 'float'(으)로 변환하면서 데이터가 손실될 수 있습니다.
C:\Users\김근남\Desktop\GameProgramming\Gene AI\GomokuDLL\cGA.cpp(270,54): warning C4244: '인수': 'int'에서 'float'(으)로 변환하면서 데이터가 손실될 수 있습니다.
C:\Users\김근남\Desktop\GameProgramming\Gene AI\GomokuDLL\cGA.cpp(270,37): warning C4244: '인수': 'int'에서 'float'(으)로 변환하면서 데이터가 손실될 수 있습니다.
  dllmain.cpp
     C:\Users\김근남\Desktop\GameProgramming\Gene AI\GomokuDLL\x64\Release\GomokuDLL.lib 라이브러리 및 C:\Users\김근남\Desktop\GameProgramming\Gene AI\GomokuDLL\x64\Release\GomokuDLL.exp 개체를 생성하고 있습니다.
  코드를 생성하고 있습니다.
  Previous IPDB not found, fall back to full compilation.
  All 127 functions were compiled because no usable IPDB/IOBJ from previous compilation was found.
  코드를 생성했습니다.
  GomokuDLL.vcxproj -> C:\Users\김근남\Desktop\GameProgramming\Gene AI\GomokuDLL\x64\Release\GomokuDLL.dll
